<?xml version="1.0" encoding="UTF-8"?>
<!-- Generated by org.testng.reporters.JUnitReportReporter -->
<testsuite hostname="DESKTOP-DCP93M2" name="com.training.sanity.tests.RETC_44" tests="1" failures="1" timestamp="18 May 2020 15:40:53 GMT" time="0.002" errors="0">
  <testcase name="validLoginTest" time="0.002" classname="com.training.sanity.tests.RETC_44">
    <failure type="org.openqa.selenium.SessionNotCreatedException" message="session not created
from chrome not reachable
  (Session info: chrome=81.0.4044.138)
Build info: version: &#039;3.6.0&#039;, revision: &#039;6fbf3ec767&#039;, time: &#039;2017-09-27T15:28:36.4Z&#039;
System info: host: &#039;DESKTOP-DCP93M2&#039;, ip: &#039;192.168.0.5&#039;, os.name: &#039;Windows 10&#039;, os.arch: &#039;amd64&#039;, os.version: &#039;10.0&#039;, java.version: &#039;1.8.0_241&#039;
Driver info: driver.version: ChromeDriver
remote stacktrace: Backtrace:
	Ordinal0 [0x00AA0C83+1707139]
	Ordinal0 [0x00A068F1+1075441]
	Ordinal0 [0x0097DE72+515698]
	Ordinal0 [0x00977CA8+490664]
	Ordinal0 [0x0097839B+492443]
	Ordinal0 [0x009792F5+496373]
	Ordinal0 [0x00974F05+478981]
	Ordinal0 [0x0097ECA0+519328]
	Ordinal0 [0x0092CA67+182887]
	Ordinal0 [0x0092BDDD+179677]
	Ordinal0 [0x00929D4B+171339]
	Ordinal0 [0x00911D4A+73034]
	Ordinal0 [0x00912DC0+77248]
	Ordinal0 [0x00912D59+77145]
	Ordinal0 [0x00A1BB67+1162087]
	GetHandleVerifier [0x00B3A966+508998]
	GetHandleVerifier [0x00B3A6A4+508292]
	GetHandleVerifier [0x00B4F7B7+594583]
	GetHandleVerifier [0x00B3B1D6+511158]
	Ordinal0 [0x00A1402C+1130540]
	Ordinal0 [0x00A1D4CB+1168587]
	Ordinal0 [0x00A1D633+1168947]
	Ordinal0 [0x00A35B35+1268533]
	BaseThreadInitThunk [0x76026359+25]
	RtlGetAppContainerNamedObjectPath [0x779B7C14+228]
	RtlGetAppContainerNamedObjectPath [0x779B7BE4+180]
">
      <![CDATA[org.openqa.selenium.SessionNotCreatedException: session not created
from chrome not reachable
  (Session info: chrome=81.0.4044.138)
Build info: version: '3.6.0', revision: '6fbf3ec767', time: '2017-09-27T15:28:36.4Z'
System info: host: 'DESKTOP-DCP93M2', ip: '192.168.0.5', os.name: 'Windows 10', os.arch: 'amd64', os.version: '10.0', java.version: '1.8.0_241'
Driver info: driver.version: ChromeDriver
remote stacktrace: Backtrace:
	Ordinal0 [0x00AA0C83+1707139]
	Ordinal0 [0x00A068F1+1075441]
	Ordinal0 [0x0097DE72+515698]
	Ordinal0 [0x00977CA8+490664]
	Ordinal0 [0x0097839B+492443]
	Ordinal0 [0x009792F5+496373]
	Ordinal0 [0x00974F05+478981]
	Ordinal0 [0x0097ECA0+519328]
	Ordinal0 [0x0092CA67+182887]
	Ordinal0 [0x0092BDDD+179677]
	Ordinal0 [0x00929D4B+171339]
	Ordinal0 [0x00911D4A+73034]
	Ordinal0 [0x00912DC0+77248]
	Ordinal0 [0x00912D59+77145]
	Ordinal0 [0x00A1BB67+1162087]
	GetHandleVerifier [0x00B3A966+508998]
	GetHandleVerifier [0x00B3A6A4+508292]
	GetHandleVerifier [0x00B4F7B7+594583]
	GetHandleVerifier [0x00B3B1D6+511158]
	Ordinal0 [0x00A1402C+1130540]
	Ordinal0 [0x00A1D4CB+1168587]
	Ordinal0 [0x00A1D633+1168947]
	Ordinal0 [0x00A35B35+1268533]
	BaseThreadInitThunk [0x76026359+25]
	RtlGetAppContainerNamedObjectPath [0x779B7C14+228]
	RtlGetAppContainerNamedObjectPath [0x779B7BE4+180]

	at sun.reflect.NativeConstructorAccessorImpl.newInstance0(Native Method)
	at sun.reflect.NativeConstructorAccessorImpl.newInstance(Unknown Source)
	at sun.reflect.DelegatingConstructorAccessorImpl.newInstance(Unknown Source)
	at java.lang.reflect.Constructor.newInstance(Unknown Source)
	at org.openqa.selenium.remote.W3CHandshakeResponse.lambda$new$0(W3CHandshakeResponse.java:57)
	at org.openqa.selenium.remote.W3CHandshakeResponse.lambda$getResponseFunction$2(W3CHandshakeResponse.java:104)
	at org.openqa.selenium.remote.ProtocolHandshake.lambda$createSession$24(ProtocolHandshake.java:359)
	at java.util.stream.ReferencePipeline$3$1.accept(Unknown Source)
	at java.util.Spliterators$ArraySpliterator.tryAdvance(Unknown Source)
	at java.util.stream.ReferencePipeline.forEachWithCancel(Unknown Source)
	at java.util.stream.AbstractPipeline.copyIntoWithCancel(Unknown Source)
	at java.util.stream.AbstractPipeline.copyInto(Unknown Source)
	at java.util.stream.AbstractPipeline.wrapAndCopyInto(Unknown Source)
	at java.util.stream.FindOps$FindOp.evaluateSequential(Unknown Source)
	at java.util.stream.AbstractPipeline.evaluate(Unknown Source)
	at java.util.stream.ReferencePipeline.findFirst(Unknown Source)
	at org.openqa.selenium.remote.ProtocolHandshake.createSession(ProtocolHandshake.java:362)
	at org.openqa.selenium.remote.ProtocolHandshake.createSession(ProtocolHandshake.java:136)
	at org.openqa.selenium.remote.HttpCommandExecutor.execute(HttpCommandExecutor.java:142)
	at org.openqa.selenium.remote.service.DriverCommandExecutor.execute(DriverCommandExecutor.java:83)
	at org.openqa.selenium.remote.RemoteWebDriver.execute(RemoteWebDriver.java:586)
	at org.openqa.selenium.remote.RemoteWebDriver.startSession(RemoteWebDriver.java:217)
	at org.openqa.selenium.remote.RemoteWebDriver.<init>(RemoteWebDriver.java:140)
	at org.openqa.selenium.chrome.ChromeDriver.<init>(ChromeDriver.java:181)
	at org.openqa.selenium.chrome.ChromeDriver.<init>(ChromeDriver.java:168)
	at org.openqa.selenium.chrome.ChromeDriver.<init>(ChromeDriver.java:123)
	at com.training.utility.DriverFactory.getDriver(DriverFactory.java:24)
	at com.training.sanity.tests.RETC_44.setUp(RETC_44.java:53)
	at sun.reflect.NativeMethodAccessorImpl.invoke0(Native Method)
	at sun.reflect.NativeMethodAccessorImpl.invoke(Unknown Source)
	at sun.reflect.DelegatingMethodAccessorImpl.invoke(Unknown Source)
	at java.lang.reflect.Method.invoke(Unknown Source)
	at org.testng.internal.MethodInvocationHelper.invokeMethod(MethodInvocationHelper.java:80)
	at org.testng.internal.Invoker.invokeConfigurationMethod(Invoker.java:564)
	at org.testng.internal.Invoker.invokeConfigurations(Invoker.java:213)
	at org.testng.internal.Invoker.invokeMethod(Invoker.java:653)
	at org.testng.internal.Invoker.invokeTestMethod(Invoker.java:901)
	at org.testng.internal.Invoker.invokeTestMethods(Invoker.java:1231)
	at org.testng.internal.TestMethodWorker.invokeTestMethods(TestMethodWorker.java:127)
	at org.testng.internal.TestMethodWorker.run(TestMethodWorker.java:111)
	at org.testng.TestRunner.privateRun(TestRunner.java:767)
	at org.testng.TestRunner.run(TestRunner.java:617)
	at org.testng.SuiteRunner.runTest(SuiteRunner.java:334)
	at org.testng.SuiteRunner.runSequentially(SuiteRunner.java:329)
	at org.testng.SuiteRunner.privateRun(SuiteRunner.java:291)
	at org.testng.SuiteRunner.run(SuiteRunner.java:240)
	at org.testng.SuiteRunnerWorker.runSuite(SuiteRunnerWorker.java:52)
	at org.testng.SuiteRunnerWorker.run(SuiteRunnerWorker.java:86)
	at org.testng.TestNG.runSuitesSequentially(TestNG.java:1198)
	at org.testng.TestNG.runSuitesLocally(TestNG.java:1123)
	at org.testng.TestNG.run(TestNG.java:1031)
	at org.testng.remote.AbstractRemoteTestNG.run(AbstractRemoteTestNG.java:115)
	at org.testng.remote.RemoteTestNG.initAndRun(RemoteTestNG.java:251)
	at org.testng.remote.RemoteTestNG.main(RemoteTestNG.java:77)
]]>
    </failure>
  </testcase> <!-- validLoginTest -->
</testsuite> <!-- com.training.sanity.tests.RETC_44 -->
